-------------------------------------------------------------------------------
Test set: com.libraryproject.PatronTest
-------------------------------------------------------------------------------
Tests run: 2, Failures: 1, Errors: 0, Skipped: 0, Time elapsed: 0.001 s <<< FAILURE! - in com.libraryproject.PatronTest
testSettersAndAddToList  Time elapsed: 0.001 s  <<< FAILURE!
org.opentest4j.AssertionFailedError: expected: <Tyra White is an employee, | 7096313003 | 10 Hawker Cres | Borrowed hello: , Hunger Games> but was: <Tyra White is an employee, | 7096313003 | 10 Hawker Cres | Borrowed: , Hunger Games>
	at com.libraryproject.PatronTest.testSettersAndAddToList(PatronTest.java:33)

